  recognize.cpp
d:\opencv\my_build\install\include\opencv2\core\mat.hpp(2586): warning C4819: 该文件包含不能在当前代码页(936)中表示的字符。请将该文件保存为 Unicode 格式以防止数据丢失
d:\opencv\my_build\install\include\opencv2\core\persistence.hpp : warning C4819: 该文件包含不能在当前代码页(936)中表示的字符。请将该文件保存为 Unicode 格式以防止数据丢失
d:\opencv\my_build\install\include\opencv2\core\utility.hpp : warning C4819: 该文件包含不能在当前代码页(936)中表示的字符。请将该文件保存为 Unicode 格式以防止数据丢失
d:\opencv\my_build\install\include\opencv2\core\utility.hpp : warning C4819: 该文件包含不能在当前代码页(936)中表示的字符。请将该文件保存为 Unicode 格式以防止数据丢失
d:\opencv\my_build\install\include\opencv2\imgproc.hpp(592): warning C4819: 该文件包含不能在当前代码页(936)中表示的字符。请将该文件保存为 Unicode 格式以防止数据丢失
  main.cpp
  locate.cpp
d:\opencv\my_build\install\include\opencv2\core\mat.hpp(2586): warning C4819: 该文件包含不能在当前代码页(936)中表示的字符。请将该文件保存为 Unicode 格式以防止数据丢失
d:\opencv\my_build\install\include\opencv2\core\persistence.hpp : warning C4819: 该文件包含不能在当前代码页(936)中表示的字符。请将该文件保存为 Unicode 格式以防止数据丢失
d:\opencv\my_build\install\include\opencv2\core\utility.hpp : warning C4819: 该文件包含不能在当前代码页(936)中表示的字符。请将该文件保存为 Unicode 格式以防止数据丢失
d:\opencv\my_build\install\include\opencv2\core\utility.hpp : warning C4819: 该文件包含不能在当前代码页(936)中表示的字符。请将该文件保存为 Unicode 格式以防止数据丢失
d:\opencv\my_build\install\include\opencv2\imgproc.hpp(592): warning C4819: 该文件包含不能在当前代码页(936)中表示的字符。请将该文件保存为 Unicode 格式以防止数据丢失
c:\users\borelset\documents\visual studio 2015\projects\spectrum\spectrum\locate.cpp(46): warning C4244: “初始化”: 从“double”转换到“int”，可能丢失数据
c:\users\borelset\documents\visual studio 2015\projects\spectrum\spectrum\locate.cpp(60): warning C4018: “<”: 有符号/无符号不匹配
c:\users\borelset\documents\visual studio 2015\projects\spectrum\spectrum\locate.cpp(178): warning C4244: “初始化”: 从“double”转换到“int”，可能丢失数据
c:\users\borelset\documents\visual studio 2015\projects\spectrum\spectrum\locate.cpp(179): warning C4244: “初始化”: 从“double”转换到“int”，可能丢失数据
c:\users\borelset\documents\visual studio 2015\projects\spectrum\spectrum\locate.cpp(373): warning C4018: “<”: 有符号/无符号不匹配
  genarate.cpp
c:\users\borelset\documents\visual studio 2015\projects\spectrum\spectrum\genarate.cpp(16): warning C4244: “参数”: 从“time_t”转换到“unsigned int”，可能丢失数据
  fillin.cpp
d:\opencv\my_build\install\include\opencv2\core\mat.hpp(2586): warning C4819: 该文件包含不能在当前代码页(936)中表示的字符。请将该文件保存为 Unicode 格式以防止数据丢失
d:\opencv\my_build\install\include\opencv2\core\persistence.hpp : warning C4819: 该文件包含不能在当前代码页(936)中表示的字符。请将该文件保存为 Unicode 格式以防止数据丢失
d:\opencv\my_build\install\include\opencv2\core\utility.hpp : warning C4819: 该文件包含不能在当前代码页(936)中表示的字符。请将该文件保存为 Unicode 格式以防止数据丢失
d:\opencv\my_build\install\include\opencv2\core\utility.hpp : warning C4819: 该文件包含不能在当前代码页(936)中表示的字符。请将该文件保存为 Unicode 格式以防止数据丢失
d:\opencv\my_build\install\include\opencv2\imgproc.hpp(592): warning C4819: 该文件包含不能在当前代码页(936)中表示的字符。请将该文件保存为 Unicode 格式以防止数据丢失
  code.cpp
c:\users\borelset\documents\visual studio 2015\projects\spectrum\spectrum\gf.hpp(154): warning C4244: “参数”: 从“uint16_t”转换到“uint8_t”，可能丢失数据
c:\users\borelset\documents\visual studio 2015\projects\spectrum\spectrum\gf.hpp(220): warning C4267: “=”: 从“size_t”转换到“uint8_t”，可能丢失数据
c:\users\borelset\documents\visual studio 2015\projects\spectrum\spectrum\rs.hpp(163): warning C4267: “参数”: 从“size_t”转换到“uint8_t”，可能丢失数据
  c:\users\borelset\documents\visual studio 2015\projects\spectrum\spectrum\rs.hpp(136): note: 编译类 模板 成员函数“int RS::ReedSolomon<132,60>::DecodeBlock(const void *,const void *,void *,uint8_t *,std::size_t)”时
  c:\users\borelset\documents\visual studio 2015\projects\spectrum\spectrum\rs.hpp(234): note: 参见对正在编译的函数 模板 实例化“int RS::ReedSolomon<132,60>::DecodeBlock(const void *,const void *,void *,uint8_t *,std::size_t)”的引用
  c:\users\borelset\documents\visual studio 2015\projects\spectrum\spectrum\code.cpp(11): note: 参见对正在编译的类 模板 实例化“RS::ReedSolomon<132,60>”的引用
c:\users\borelset\documents\visual studio 2015\projects\spectrum\spectrum\rs.hpp(507): warning C4267: “参数”: 从“size_t”转换到“uint8_t”，可能丢失数据
  c:\users\borelset\documents\visual studio 2015\projects\spectrum\spectrum\rs.hpp(501): note: 编译类 模板 成员函数“void RS::ReedSolomon<132,60>::CalcForneySyndromes(const RS::Poly *,const RS::Poly *,std::size_t)”时
  c:\users\borelset\documents\visual studio 2015\projects\spectrum\spectrum\rs.hpp(193): note: 参见对正在编译的函数 模板 实例化“void RS::ReedSolomon<132,60>::CalcForneySyndromes(const RS::Poly *,const RS::Poly *,std::size_t)”的引用
c:\users\borelset\documents\visual studio 2015\projects\spectrum\spectrum\rs.hpp(488): warning C4267: “参数”: 从“size_t”转换到“uint8_t”，可能丢失数据
  c:\users\borelset\documents\visual studio 2015\projects\spectrum\spectrum\rs.hpp(480): note: 编译类 模板 成员函数“bool RS::ReedSolomon<132,60>::FindErrors(const RS::Poly *,std::size_t)”时
  c:\users\borelset\documents\visual studio 2015\projects\spectrum\spectrum\rs.hpp(204): note: 参见对正在编译的函数 模板 实例化“bool RS::ReedSolomon<132,60>::FindErrors(const RS::Poly *,std::size_t)”的引用
c:\users\borelset\documents\visual studio 2015\projects\spectrum\spectrum\rs.hpp(443): warning C4267: “=”: 从“size_t”转换到“uint8_t”，可能丢失数据
  c:\users\borelset\documents\visual studio 2015\projects\spectrum\spectrum\rs.hpp(415): note: 编译类 模板 成员函数“bool RS::ReedSolomon<132,60>::FindErrorLocator(const RS::Poly *,RS::Poly *,std::size_t)”时
  c:\users\borelset\documents\visual studio 2015\projects\spectrum\spectrum\rs.hpp(194): note: 参见对正在编译的函数 模板 实例化“bool RS::ReedSolomon<132,60>::FindErrorLocator(const RS::Poly *,RS::Poly *,std::size_t)”的引用
  正在生成代码...
opencv_world320.lib(window.obj) : fatal error LNK1112: 模块计算机类型“x64”与目标计算机类型“X86”冲突
